0 info it worked if it ends with ok
1 verbose cli [ 'E:\\node\\node.exe',
1 verbose cli   'E:\\node\\node_modules\\npm\\bin\\npm-cli.js',
1 verbose cli   'run',
1 verbose cli   'dev' ]
2 info using npm@3.10.10
3 info using node@v6.10.2
4 verbose run-script [ 'predev', 'dev', 'postdev' ]
5 info lifecycle hello@1.0.0~predev: hello@1.0.0
6 silly lifecycle hello@1.0.0~predev: no script for predev, continuing
7 info lifecycle hello@1.0.0~dev: hello@1.0.0
8 verbose lifecycle hello@1.0.0~dev: unsafe-perm in lifecycle true
9 verbose lifecycle hello@1.0.0~dev: PATH: E:\node\node_modules\npm\bin\node-gyp-bin;E:\vue\项目1\demo1\hello\node_modules\.bin;C:\WINDOWS\system32;C:\WINDOWS;C:\WINDOWS\System32\Wbem;C:\WINDOWS\System32\WindowsPowerShell\v1.0\;E:\node\;D:\Git\Git\cmd;C:\Users\I\AppData\Local\Microsoft\WindowsApps;E:\APPserv\Apache2.2\bin;E:\APPserv\php5;E:\APPserv\MySQL\bin;C:\Users\I\AppData\Roaming\npm
10 verbose lifecycle hello@1.0.0~dev: CWD: E:\vue\项目1\demo1\hello
11 silly lifecycle hello@1.0.0~dev: Args: [ '/d /s /c', 'node build/dev-server.js' ]
12 silly lifecycle hello@1.0.0~dev: Returned: code: 3221225786  signal: null
13 info lifecycle hello@1.0.0~dev: Failed to exec dev script
14 verbose stack Error: hello@1.0.0 dev: `node build/dev-server.js`
14 verbose stack Exit status 3221225786
14 verbose stack     at EventEmitter.<anonymous> (E:\node\node_modules\npm\lib\utils\lifecycle.js:255:16)
14 verbose stack     at emitTwo (events.js:106:13)
14 verbose stack     at EventEmitter.emit (events.js:191:7)
14 verbose stack     at ChildProcess.<anonymous> (E:\node\node_modules\npm\lib\utils\spawn.js:40:14)
14 verbose stack     at emitTwo (events.js:106:13)
14 verbose stack     at ChildProcess.emit (events.js:191:7)
14 verbose stack     at maybeClose (internal/child_process.js:886:16)
14 verbose stack     at Process.ChildProcess._handle.onexit (internal/child_process.js:226:5)
15 verbose pkgid hello@1.0.0
16 verbose cwd E:\vue\项目1\demo1\hello\src
17 error Windows_NT 10.0.14393
18 error argv "E:\\node\\node.exe" "E:\\node\\node_modules\\npm\\bin\\npm-cli.js" "run" "dev"
19 error node v6.10.2
20 error npm  v3.10.10
21 error code ELIFECYCLE
22 error hello@1.0.0 dev: `node build/dev-server.js`
22 error Exit status 3221225786
23 error Failed at the hello@1.0.0 dev script 'node build/dev-server.js'.
23 error Make sure you have the latest version of node.js and npm installed.
23 error If you do, this is most likely a problem with the hello package,
23 error not with npm itself.
23 error Tell the author that this fails on your system:
23 error     node build/dev-server.js
23 error You can get information on how to open an issue for this project with:
23 error     npm bugs hello
23 error Or if that isn't available, you can get their info via:
23 error     npm owner ls hello
23 error There is likely additional logging output above.
24 verbose exit [ 1, true ]
